<?xml version="1.0" encoding="UTF-8"?>
<!-- Generated by org.testng.reporters.JUnitReportReporter -->
<testsuite hostname="TDL00441488" name="com.app.TestCases.TC001_MakePurchase" tests="1" failures="0" timestamp="25 Aug 2016 05:13:18 GMT" time="17.401" errors="0">
  <testcase name="MakeAPurchase" time="17.401" classname="com.app.TestCases.TC001_MakePurchase"/>
</testsuite> <!-- com.app.TestCases.TC001_MakePurchase -->
